<?xml version="1.0" encoding="UTF-8"?>
<!-- Generated by org.testng.reporters.JUnitReportReporter -->
<testsuite hostname="Vyro-MacBook.local" failures="0" tests="6" name="Testcases.Home_object_Test" time="29.075" errors="0" timestamp="2021-06-09T11:08:51 PKT" skipped="0">
  <testcase classname="Testcases.Home_object_Test" name="F_Gallery_Valid" time="10.725"/>
  <system-out/>
  <testcase classname="Testcases.Home_object_Test" name="B_Gallery_Invalid_B" time="4.451"/>
  <system-out/>
  <testcase classname="Testcases.Home_object_Test" name="C_Gallery_Invalid" time="2.268"/>
  <system-out/>
  <testcase classname="Testcases.Home_object_Test" name="D_Gallery_Valid" time="1.774"/>
  <system-out/>
  <testcase classname="Testcases.Home_object_Test" name="A_Gallery_Invalid" time="3.957"/>
  <system-out/>
  <testcase classname="Testcases.Home_object_Test" name="E_Gallery_Valid" time="5.900"/>
  <system-out/>
</testsuite> <!-- Testcases.Home_object_Test -->
