<?xml version="1.0" encoding="UTF-8"?>
<!-- Generated by org.testng.reporters.JUnitReportReporter -->
<testsuite hostname="Vyro-MacBook.local" failures="0" tests="23" name="Testcases.Gradients_bg_test" time="6268.627" errors="0" timestamp="2021-05-27T17:30:56 PKT" skipped="0">
  <testcase classname="Testcases.Gradients_bg_test" name="J_Testcase10" time="97.530"/>
  <system-out/>
  <testcase classname="Testcases.Gradients_bg_test" name="K_Testcase11" time="516.369"/>
  <system-out/>
  <testcase classname="Testcases.Gradients_bg_test" name="U_Testcase21" time="56.567"/>
  <system-out/>
  <testcase classname="Testcases.Gradients_bg_test" name="F_Testcase6" time="119.841"/>
  <system-out/>
  <testcase classname="Testcases.Gradients_bg_test" name="Q_Testcase17" time="715.124"/>
  <system-out/>
  <testcase classname="Testcases.Gradients_bg_test" name="T_Testcase20" time="162.307"/>
  <system-out/>
  <testcase classname="Testcases.Gradients_bg_test" name="H_Testcase8" time="181.653"/>
  <system-out/>
  <testcase classname="Testcases.Gradients_bg_test" name="C_Testcase3" time="115.953"/>
  <system-out/>
  <testcase classname="Testcases.Gradients_bg_test" name="B_Testcase2" time="118.445"/>
  <system-out/>
  <testcase classname="Testcases.Gradients_bg_test" name="E_Testcase5" time="94.445"/>
  <system-out/>
  <testcase classname="Testcases.Gradients_bg_test" name="I_Testcase9" time="127.417"/>
  <system-out/>
  <testcase classname="Testcases.Gradients_bg_test" name="N_Testcase14" time="490.259"/>
  <system-out/>
  <testcase classname="Testcases.Gradients_bg_test" name="L_Testcase12" time="1164.568"/>
  <system-out/>
  <testcase classname="Testcases.Gradients_bg_test" name="V_Testcase22" time="93.521"/>
  <system-out/>
  <testcase classname="Testcases.Gradients_bg_test" name="P_Testcase16" time="297.329"/>
  <system-out/>
  <testcase classname="Testcases.Gradients_bg_test" name="O_Testcase15" time="434.180"/>
  <system-out/>
  <testcase classname="Testcases.Gradients_bg_test" name="D_Testcase4" time="191.041"/>
  <system-out/>
  <testcase classname="Testcases.Gradients_bg_test" name="M_Testcase13" time="401.964"/>
  <system-out/>
  <testcase classname="Testcases.Gradients_bg_test" name="S_Testcase19" time="315.126"/>
  <system-out/>
  <testcase classname="Testcases.Gradients_bg_test" name="G_Testcase7" time="96.096"/>
  <system-out/>
  <testcase classname="Testcases.Gradients_bg_test" name="A_Testcase1" time="240.161"/>
  <system-out/>
  <testcase classname="Testcases.Gradients_bg_test" name="W_Testcase23" time="76.070"/>
  <system-out/>
  <testcase classname="Testcases.Gradients_bg_test" name="R_Testcase18" time="162.661"/>
  <system-out/>
</testsuite> <!-- Testcases.Gradients_bg_test -->
