<?xml version="1.0" encoding="UTF-8"?>
<!-- Generated by org.testng.reporters.JUnitReportReporter -->
<testsuite hostname="Vyro-MacBook.local" failures="0" tests="8" name="Testcases.crop_two" time="0.141" errors="1" timestamp="2021-05-20T14:27:08 PKT" skipped="7">
  <testcase classname="Testcases.crop_two" name="B_Testcase2" time="0.000">
    <skipped/>
  </testcase> <!-- B_Testcase2 -->
  <system-out/>
  <testcase classname="Testcases.crop_two" name="G_Testcase7" time="0.000">
    <skipped/>
  </testcase> <!-- G_Testcase7 -->
  <system-out/>
  <testcase classname="Testcases.crop_two" name="auto_set_up" time="0.141">
    <error message="An unknown server-side error occurred while processing the command. Original error: Could not proxy command to the remote server. Original error: socket hang up
Build info: version: &#039;3.141.59&#039;, revision: &#039;e82be7d358&#039;, time: &#039;2018-11-14T08:17:03&#039;
System info: host: &#039;Vyro-MacBook.local&#039;, ip: &#039;fe80:0:0:0:4d5:ba7f:425e:fc12%en0&#039;, os.name: &#039;Mac OS X&#039;, os.arch: &#039;x86_64&#039;, os.version: &#039;10.16&#039;, java.version: &#039;15.0.2&#039;
Driver info: io.appium.java_client.android.AndroidDriver
Capabilities {app: /Users/aqsa/eclipse-workspa..., appActivity: com.vyroai.autocutcut.Activ..., appPackage: com.vyroai.AutoCutCut, autoGrantPermissions: true, automationName: UiAutomator2, databaseEnabled: false, desired: {app: /Users/aqsa/eclipse-workspa..., appActivity: com.vyroai.autocutcut.Activ..., appPackage: com.vyroai.AutoCutCut, autoGrantPermissions: true, automationName: UiAutomator2, deviceName: Galaxy Note8, newCommandTimeout: 240, noReset: true, platformName: android, skipUnlock: true, udid: ce0717177b2ad026017e}, deviceApiLevel: 28, deviceManufacturer: samsung, deviceModel: SM-N9500, deviceName: ce0717177b2ad026017e, deviceScreenDensity: 560, deviceScreenSize: 1440x2960, deviceUDID: ce0717177b2ad026017e, javascriptEnabled: true, locationContextEnabled: false, networkConnectionEnabled: true, newCommandTimeout: 240, noReset: true, pixelRatio: 3.5, platform: LINUX, platformName: Android, platformVersion: 9, skipUnlock: true, statBarHeight: 84, takesScreenshot: true, udid: ce0717177b2ad026017e, viewportRect: {height: 2708, left: 0, top: 84, width: 1440}, warnings: {}, webStorageEnabled: false}
Session ID: 46786c16-b700-4a45-9445-2b7d28ac9e3f" type="org.openqa.selenium.WebDriverException">
      <![CDATA[org.openqa.selenium.WebDriverException: An unknown server-side error occurred while processing the command. Original error: Could not proxy command to the remote server. Original error: socket hang up
Build info: version: '3.141.59', revision: 'e82be7d358', time: '2018-11-14T08:17:03'
System info: host: 'Vyro-MacBook.local', ip: 'fe80:0:0:0:4d5:ba7f:425e:fc12%en0', os.name: 'Mac OS X', os.arch: 'x86_64', os.version: '10.16', java.version: '15.0.2'
Driver info: io.appium.java_client.android.AndroidDriver
Capabilities {app: /Users/aqsa/eclipse-workspa..., appActivity: com.vyroai.autocutcut.Activ..., appPackage: com.vyroai.AutoCutCut, autoGrantPermissions: true, automationName: UiAutomator2, databaseEnabled: false, desired: {app: /Users/aqsa/eclipse-workspa..., appActivity: com.vyroai.autocutcut.Activ..., appPackage: com.vyroai.AutoCutCut, autoGrantPermissions: true, automationName: UiAutomator2, deviceName: Galaxy Note8, newCommandTimeout: 240, noReset: true, platformName: android, skipUnlock: true, udid: ce0717177b2ad026017e}, deviceApiLevel: 28, deviceManufacturer: samsung, deviceModel: SM-N9500, deviceName: ce0717177b2ad026017e, deviceScreenDensity: 560, deviceScreenSize: 1440x2960, deviceUDID: ce0717177b2ad026017e, javascriptEnabled: true, locationContextEnabled: false, networkConnectionEnabled: true, newCommandTimeout: 240, noReset: true, pixelRatio: 3.5, platform: LINUX, platformName: Android, platformVersion: 9, skipUnlock: true, statBarHeight: 84, takesScreenshot: true, udid: ce0717177b2ad026017e, viewportRect: {height: 2708, left: 0, top: 84, width: 1440}, warnings: {}, webStorageEnabled: false}
Session ID: 46786c16-b700-4a45-9445-2b7d28ac9e3f
at java.base/jdk.internal.reflect.NativeConstructorAccessorImpl.newInstance0(Native Method)
at java.base/jdk.internal.reflect.NativeConstructorAccessorImpl.newInstance(NativeConstructorAccessorImpl.java:64)
at java.base/jdk.internal.reflect.DelegatingConstructorAccessorImpl.newInstance(DelegatingConstructorAccessorImpl.java:45)
at java.base/java.lang.reflect.Constructor.newInstanceWithCaller(Constructor.java:500)
at java.base/java.lang.reflect.Constructor.newInstance(Constructor.java:481)
at org.openqa.selenium.remote.http.W3CHttpResponseCodec.createException(W3CHttpResponseCodec.java:187)
at org.openqa.selenium.remote.http.W3CHttpResponseCodec.decode(W3CHttpResponseCodec.java:122)
at org.openqa.selenium.remote.http.W3CHttpResponseCodec.decode(W3CHttpResponseCodec.java:49)
at org.openqa.selenium.remote.HttpCommandExecutor.execute(HttpCommandExecutor.java:158)
at io.appium.java_client.remote.AppiumCommandExecutor.execute(AppiumCommandExecutor.java:247)
at org.openqa.selenium.remote.RemoteWebDriver.execute(RemoteWebDriver.java:552)
at io.appium.java_client.DefaultGenericMobileDriver.execute(DefaultGenericMobileDriver.java:45)
at io.appium.java_client.AppiumDriver.execute(AppiumDriver.java:1)
at io.appium.java_client.android.AndroidDriver.execute(AndroidDriver.java:1)
at org.openqa.selenium.remote.RemoteWebDriver$RemoteWebDriverOptions$RemoteWindow.getSize(RemoteWebDriver.java:813)
at com.applitools.eyes.selenium.EyesDriverUtils.getViewportSizeOrDisplaySize(EyesDriverUtils.java:370)
at com.applitools.eyes.selenium.SeleniumEyes.getViewportSize(SeleniumEyes.java:1508)
at com.applitools.eyes.selenium.SeleniumEyes.getViewportSize(SeleniumEyes.java:1497)
at com.applitools.eyes.EyesBase.ensureViewportSize(EyesBase.java:1137)
at com.applitools.eyes.EyesBase.prepareForOpen(EyesBase.java:868)
at com.applitools.eyes.RunningTest.prepareForOpen(RunningTest.java:44)
at com.applitools.eyes.EyesBase.openBase(EyesBase.java:890)
at com.applitools.eyes.selenium.SeleniumEyes.open(SeleniumEyes.java:318)
at com.applitools.eyes.selenium.SeleniumEyes.open(SeleniumEyes.java:282)
at com.applitools.eyes.selenium.Eyes.open(Eyes.java:124)
at Testcases.crop_two.auto_set_up(crop_two.java:34)
at java.base/jdk.internal.reflect.NativeMethodAccessorImpl.invoke0(Native Method)
at java.base/jdk.internal.reflect.NativeMethodAccessorImpl.invoke(NativeMethodAccessorImpl.java:64)
at java.base/jdk.internal.reflect.DelegatingMethodAccessorImpl.invoke(DelegatingMethodAccessorImpl.java:43)
at java.base/java.lang.reflect.Method.invoke(Method.java:564)
at org.testng.internal.MethodInvocationHelper.invokeMethod(MethodInvocationHelper.java:133)
at org.testng.internal.MethodInvocationHelper.invokeMethodConsideringTimeout(MethodInvocationHelper.java:62)
at org.testng.internal.ConfigInvoker.invokeConfigurationMethod(ConfigInvoker.java:385)
at org.testng.internal.ConfigInvoker.invokeConfigurations(ConfigInvoker.java:321)
at org.testng.internal.TestMethodWorker.invokeBeforeClassMethods(TestMethodWorker.java:176)
at org.testng.internal.TestMethodWorker.run(TestMethodWorker.java:122)
at java.base/java.util.ArrayList.forEach(ArrayList.java:1511)
at org.testng.TestRunner.privateRun(TestRunner.java:794)
at org.testng.TestRunner.run(TestRunner.java:596)
at org.testng.SuiteRunner.runTest(SuiteRunner.java:377)
at org.testng.SuiteRunner.runSequentially(SuiteRunner.java:371)
at org.testng.SuiteRunner.privateRun(SuiteRunner.java:332)
at org.testng.SuiteRunner.run(SuiteRunner.java:276)
at org.testng.SuiteRunnerWorker.runSuite(SuiteRunnerWorker.java:53)
at org.testng.SuiteRunnerWorker.run(SuiteRunnerWorker.java:96)
at org.testng.TestNG.runSuitesSequentially(TestNG.java:1212)
at org.testng.TestNG.runSuitesLocally(TestNG.java:1134)
at org.testng.TestNG.runSuites(TestNG.java:1063)
at org.testng.TestNG.run(TestNG.java:1031)
at org.testng.remote.AbstractRemoteTestNG.run(AbstractRemoteTestNG.java:115)
at org.testng.remote.RemoteTestNG.initAndRun(RemoteTestNG.java:251)
at org.testng.remote.RemoteTestNG.main(RemoteTestNG.java:77)
]]>
    </error>
  </testcase> <!-- auto_set_up -->
  <system-out/>
  <testcase classname="Testcases.crop_two" name="D_Testcase4" time="0.000">
    <skipped/>
  </testcase> <!-- D_Testcase4 -->
  <system-out/>
  <testcase classname="Testcases.crop_two" name="F_Testcase6" time="0.000">
    <skipped/>
  </testcase> <!-- F_Testcase6 -->
  <system-out/>
  <testcase classname="Testcases.crop_two" name="C_Testcase3" time="0.000">
    <skipped/>
  </testcase> <!-- C_Testcase3 -->
  <system-out/>
  <testcase classname="Testcases.crop_two" name="E_Testcase5" time="0.000">
    <skipped/>
  </testcase> <!-- E_Testcase5 -->
  <system-out/>
  <testcase classname="Testcases.crop_two" name="A_Testcase1" time="0.000">
    <skipped/>
  </testcase> <!-- A_Testcase1 -->
  <system-out/>
</testsuite> <!-- Testcases.crop_two -->
