<?xml version="1.0" encoding="UTF-8"?>
<!-- Generated by org.testng.reporters.JUnitReportReporter -->
<testsuite hostname="Vyro-MacBook.local" failures="0" tests="5" name="Testcases.Overlay_view" time="553.358" errors="1" timestamp="2021-05-21T10:40:01 PKT" skipped="0">
  <testcase classname="Testcases.Overlay_view" name="H_Testcase8" time="168.491"/>
  <system-out/>
  <testcase classname="Testcases.Overlay_view" name="A_Testcase1" time="1.409"/>
  <system-out/>
  <testcase classname="Testcases.Overlay_view" name="I_Testcase9" time="227.345"/>
  <system-out/>
  <testcase classname="Testcases.Overlay_view" name="teardown" time="1.191">
    <error message="com.applitools.eyes.exceptions.DiffsFoundException: Test &#039;BGchangerfilter18&#039; of &#039;BGchangerfilter18&#039; detected differences! See details at: https://eyes.applitools.com/app/batches/00000251780725767516/00000251780725767328?accountId=Y5a5vt_vuUCBA9KUvKT3HQ~~" type="java.lang.Error">
      <![CDATA[java.lang.Error: com.applitools.eyes.exceptions.DiffsFoundException: Test 'BGchangerfilter18' of 'BGchangerfilter18' detected differences! See details at: https://eyes.applitools.com/app/batches/00000251780725767516/00000251780725767328?accountId=Y5a5vt_vuUCBA9KUvKT3HQ~~
at com.applitools.eyes.selenium.SeleniumEyes.close(SeleniumEyes.java:1759)
at com.applitools.eyes.selenium.Eyes.close(Eyes.java:478)
at com.applitools.eyes.selenium.Eyes.close(Eyes.java:198)
at Testcases.Overlay_view.teardown(Overlay_view.java:571)
at java.base/jdk.internal.reflect.NativeMethodAccessorImpl.invoke0(Native Method)
at java.base/jdk.internal.reflect.NativeMethodAccessorImpl.invoke(NativeMethodAccessorImpl.java:64)
at java.base/jdk.internal.reflect.DelegatingMethodAccessorImpl.invoke(DelegatingMethodAccessorImpl.java:43)
at java.base/java.lang.reflect.Method.invoke(Method.java:564)
at org.testng.internal.MethodInvocationHelper.invokeMethod(MethodInvocationHelper.java:133)
at org.testng.internal.MethodInvocationHelper.invokeMethodConsideringTimeout(MethodInvocationHelper.java:62)
at org.testng.internal.ConfigInvoker.invokeConfigurationMethod(ConfigInvoker.java:385)
at org.testng.internal.ConfigInvoker.invokeConfigurations(ConfigInvoker.java:321)
at org.testng.internal.TestMethodWorker.invokeAfterClassMethods(TestMethodWorker.java:217)
at org.testng.internal.TestMethodWorker.run(TestMethodWorker.java:130)
at java.base/java.util.ArrayList.forEach(ArrayList.java:1511)
at org.testng.TestRunner.privateRun(TestRunner.java:794)
at org.testng.TestRunner.run(TestRunner.java:596)
at org.testng.SuiteRunner.runTest(SuiteRunner.java:377)
at org.testng.SuiteRunner.runSequentially(SuiteRunner.java:371)
at org.testng.SuiteRunner.privateRun(SuiteRunner.java:332)
at org.testng.SuiteRunner.run(SuiteRunner.java:276)
at org.testng.SuiteRunnerWorker.runSuite(SuiteRunnerWorker.java:53)
at org.testng.SuiteRunnerWorker.run(SuiteRunnerWorker.java:96)
at org.testng.TestNG.runSuitesSequentially(TestNG.java:1212)
at org.testng.TestNG.runSuitesLocally(TestNG.java:1134)
at org.testng.TestNG.runSuites(TestNG.java:1063)
at org.testng.TestNG.run(TestNG.java:1031)
at org.testng.remote.AbstractRemoteTestNG.run(AbstractRemoteTestNG.java:115)
at org.testng.remote.RemoteTestNG.initAndRun(RemoteTestNG.java:251)
at org.testng.remote.RemoteTestNG.main(RemoteTestNG.java:77)
Caused by: com.applitools.eyes.exceptions.DiffsFoundException: Test 'BGchangerfilter18' of 'BGchangerfilter18' detected differences! See details at: https://eyes.applitools.com/app/batches/00000251780725767516/00000251780725767328?accountId=Y5a5vt_vuUCBA9KUvKT3HQ~~
at com.applitools.eyes.EyesBase.logSessionResultsAndThrowException(EyesBase.java:560)
at com.applitools.eyes.RunningTest.closeCompleted(RunningTest.java:87)
at com.applitools.eyes.selenium.SeleniumEyes.close(SeleniumEyes.java:1751)
... 29 more
]]>
    </error>
  </testcase> <!-- teardown -->
  <system-out/>
  <testcase classname="Testcases.Overlay_view" name="G_Testcase7" time="154.922"/>
  <system-out/>
</testsuite> <!-- Testcases.Overlay_view -->
