<?xml version="1.0" encoding="UTF-8"?>
<!-- Generated by org.testng.reporters.JUnitReportReporter -->
<testsuite hostname="Vyro-MacBook.local" failures="0" tests="3" name="Testcases.Main_screen_Test" time="9.416" errors="0" timestamp="2021-06-09T11:08:51 PKT" skipped="0">
  <testcase classname="Testcases.Main_screen_Test" name="A_Testcase1" time="2.157"/>
  <system-out/>
  <testcase classname="Testcases.Main_screen_Test" name="C_Testcase3" time="4.602"/>
  <system-out/>
  <testcase classname="Testcases.Main_screen_Test" name="B_Testcase2" time="2.657"/>
  <system-out/>
</testsuite> <!-- Testcases.Main_screen_Test -->
