<?xml version="1.0" encoding="UTF-8"?>
<!-- Generated by org.testng.reporters.JUnitReportReporter -->
<testsuite hostname="Vyro-MacBook.local" failures="0" tests="4" name="Testcases.Adjustments_test" time="93.286" errors="1" timestamp="2021-05-28T12:29:47 PKT" skipped="0">
  <testcase classname="Testcases.Adjustments_test" name="C_Testcase3" time="80.067"/>
  <system-out/>
  <testcase classname="Testcases.Adjustments_test" name="B_Testcase2" time="0.827"/>
  <system-out/>
  <testcase classname="Testcases.Adjustments_test" name="D_Testcase4" time="1.040">
    <error message="Cached elements &#039;By.id: com.vyroai.AutoCutCut:id/iconImage&#039; do not exist in DOM anymore
For documentation on this error, please visit: https://www.seleniumhq.org/exceptions/stale_element_reference.html
Build info: version: &#039;3.141.59&#039;, revision: &#039;e82be7d358&#039;, time: &#039;2018-11-14T08:17:03&#039;
System info: host: &#039;Vyro-MacBook.local&#039;, ip: &#039;fe80:0:0:0:1c5f:1795:3adb:fd0b%en0&#039;, os.name: &#039;Mac OS X&#039;, os.arch: &#039;x86_64&#039;, os.version: &#039;10.16&#039;, java.version: &#039;15.0.2&#039;
Driver info: io.appium.java_client.android.AndroidDriver
Capabilities {app: /Users/aqsa/eclipse-workspa..., appActivity: com.vyroai.autocutcut.Activ..., appPackage: com.vyroai.AutoCutCut, autoGrantPermissions: true, automationName: UiAutomator2, databaseEnabled: false, desired: {app: /Users/aqsa/eclipse-workspa..., appActivity: com.vyroai.autocutcut.Activ..., appPackage: com.vyroai.AutoCutCut, autoGrantPermissions: true, automationName: UiAutomator2, deviceName: Galaxy Note8, newCommandTimeout: 360, noReset: true, platformName: android, skipUnlock: true, udid: ce0717177b2ad026017e}, deviceApiLevel: 28, deviceManufacturer: samsung, deviceModel: SM-N9500, deviceName: ce0717177b2ad026017e, deviceScreenDensity: 560, deviceScreenSize: 1440x2960, deviceUDID: ce0717177b2ad026017e, javascriptEnabled: true, locationContextEnabled: false, networkConnectionEnabled: true, newCommandTimeout: 360, noReset: true, pixelRatio: 3.5, platform: LINUX, platformName: Android, platformVersion: 9, skipUnlock: true, statBarHeight: 84, takesScreenshot: true, udid: ce0717177b2ad026017e, viewportRect: {height: 2708, left: 0, top: 84, width: 1440}, warnings: {}, webStorageEnabled: false}
Session ID: 02d12b93-575e-4b40-8d54-ca9a53ba2247" type="org.openqa.selenium.StaleElementReferenceException">
      <![CDATA[org.openqa.selenium.StaleElementReferenceException: Cached elements 'By.id: com.vyroai.AutoCutCut:id/iconImage' do not exist in DOM anymore
For documentation on this error, please visit: https://www.seleniumhq.org/exceptions/stale_element_reference.html
Build info: version: '3.141.59', revision: 'e82be7d358', time: '2018-11-14T08:17:03'
System info: host: 'Vyro-MacBook.local', ip: 'fe80:0:0:0:1c5f:1795:3adb:fd0b%en0', os.name: 'Mac OS X', os.arch: 'x86_64', os.version: '10.16', java.version: '15.0.2'
Driver info: io.appium.java_client.android.AndroidDriver
Capabilities {app: /Users/aqsa/eclipse-workspa..., appActivity: com.vyroai.autocutcut.Activ..., appPackage: com.vyroai.AutoCutCut, autoGrantPermissions: true, automationName: UiAutomator2, databaseEnabled: false, desired: {app: /Users/aqsa/eclipse-workspa..., appActivity: com.vyroai.autocutcut.Activ..., appPackage: com.vyroai.AutoCutCut, autoGrantPermissions: true, automationName: UiAutomator2, deviceName: Galaxy Note8, newCommandTimeout: 360, noReset: true, platformName: android, skipUnlock: true, udid: ce0717177b2ad026017e}, deviceApiLevel: 28, deviceManufacturer: samsung, deviceModel: SM-N9500, deviceName: ce0717177b2ad026017e, deviceScreenDensity: 560, deviceScreenSize: 1440x2960, deviceUDID: ce0717177b2ad026017e, javascriptEnabled: true, locationContextEnabled: false, networkConnectionEnabled: true, newCommandTimeout: 360, noReset: true, pixelRatio: 3.5, platform: LINUX, platformName: Android, platformVersion: 9, skipUnlock: true, statBarHeight: 84, takesScreenshot: true, udid: ce0717177b2ad026017e, viewportRect: {height: 2708, left: 0, top: 84, width: 1440}, warnings: {}, webStorageEnabled: false}
Session ID: 02d12b93-575e-4b40-8d54-ca9a53ba2247
at java.base/jdk.internal.reflect.NativeConstructorAccessorImpl.newInstance0(Native Method)
at java.base/jdk.internal.reflect.NativeConstructorAccessorImpl.newInstance(NativeConstructorAccessorImpl.java:64)
at java.base/jdk.internal.reflect.DelegatingConstructorAccessorImpl.newInstance(DelegatingConstructorAccessorImpl.java:45)
at java.base/java.lang.reflect.Constructor.newInstanceWithCaller(Constructor.java:500)
at java.base/java.lang.reflect.Constructor.newInstance(Constructor.java:481)
at org.openqa.selenium.remote.http.W3CHttpResponseCodec.createException(W3CHttpResponseCodec.java:187)
at org.openqa.selenium.remote.http.W3CHttpResponseCodec.decode(W3CHttpResponseCodec.java:122)
at org.openqa.selenium.remote.http.W3CHttpResponseCodec.decode(W3CHttpResponseCodec.java:49)
at org.openqa.selenium.remote.HttpCommandExecutor.execute(HttpCommandExecutor.java:158)
at io.appium.java_client.remote.AppiumCommandExecutor.execute(AppiumCommandExecutor.java:247)
at org.openqa.selenium.remote.RemoteWebDriver.execute(RemoteWebDriver.java:552)
at io.appium.java_client.DefaultGenericMobileDriver.execute(DefaultGenericMobileDriver.java:41)
at io.appium.java_client.AppiumDriver.execute(AppiumDriver.java:1)
at io.appium.java_client.android.AndroidDriver.execute(AndroidDriver.java:1)
at org.openqa.selenium.remote.RemoteWebElement.execute(RemoteWebElement.java:285)
at io.appium.java_client.DefaultGenericMobileElement.execute(DefaultGenericMobileElement.java:45)
at io.appium.java_client.MobileElement.execute(MobileElement.java:1)
at io.appium.java_client.android.AndroidElement.execute(AndroidElement.java:1)
at org.openqa.selenium.remote.RemoteWebElement.click(RemoteWebElement.java:84)
at Testcases.Adjustments_test.D_Testcase4(Adjustments_test.java:203)
at java.base/jdk.internal.reflect.NativeMethodAccessorImpl.invoke0(Native Method)
at java.base/jdk.internal.reflect.NativeMethodAccessorImpl.invoke(NativeMethodAccessorImpl.java:64)
at java.base/jdk.internal.reflect.DelegatingMethodAccessorImpl.invoke(DelegatingMethodAccessorImpl.java:43)
at java.base/java.lang.reflect.Method.invoke(Method.java:564)
at org.testng.internal.MethodInvocationHelper.invokeMethod(MethodInvocationHelper.java:133)
at org.testng.internal.TestInvoker.invokeMethod(TestInvoker.java:598)
at org.testng.internal.TestInvoker.invokeTestMethod(TestInvoker.java:173)
at org.testng.internal.MethodRunner.runInSequence(MethodRunner.java:46)
at org.testng.internal.TestInvoker$MethodInvocationAgent.invoke(TestInvoker.java:824)
at org.testng.internal.TestInvoker.invokeTestMethods(TestInvoker.java:146)
at org.testng.internal.TestMethodWorker.invokeTestMethods(TestMethodWorker.java:146)
at org.testng.internal.TestMethodWorker.run(TestMethodWorker.java:128)
at java.base/java.util.ArrayList.forEach(ArrayList.java:1511)
at org.testng.TestRunner.privateRun(TestRunner.java:794)
at org.testng.TestRunner.run(TestRunner.java:596)
at org.testng.SuiteRunner.runTest(SuiteRunner.java:377)
at org.testng.SuiteRunner.runSequentially(SuiteRunner.java:371)
at org.testng.SuiteRunner.privateRun(SuiteRunner.java:332)
at org.testng.SuiteRunner.run(SuiteRunner.java:276)
at org.testng.SuiteRunnerWorker.runSuite(SuiteRunnerWorker.java:53)
at org.testng.SuiteRunnerWorker.run(SuiteRunnerWorker.java:96)
at org.testng.TestNG.runSuitesSequentially(TestNG.java:1212)
at org.testng.TestNG.runSuitesLocally(TestNG.java:1134)
at org.testng.TestNG.runSuites(TestNG.java:1063)
at org.testng.TestNG.run(TestNG.java:1031)
at org.testng.remote.AbstractRemoteTestNG.run(AbstractRemoteTestNG.java:115)
at org.testng.remote.RemoteTestNG.initAndRun(RemoteTestNG.java:251)
at org.testng.remote.RemoteTestNG.main(RemoteTestNG.java:77)
]]>
    </error>
  </testcase> <!-- D_Testcase4 -->
  <system-out/>
  <testcase classname="Testcases.Adjustments_test" name="A_Testcase1" time="11.352"/>
  <system-out/>
</testsuite> <!-- Testcases.Adjustments_test -->
