<?xml version="1.0" encoding="UTF-8"?>
<!-- Generated by org.testng.reporters.JUnitReportReporter -->
<testsuite hostname="Vyro-MacBook.local" failures="0" tests="13" name="Testcases.Google_bg_Test" time="89.906" errors="0" timestamp="2021-06-09T11:08:51 PKT" skipped="0">
  <testcase classname="Testcases.Google_bg_Test" name="M_Testcase13" time="3.079"/>
  <system-out/>
  <testcase classname="Testcases.Google_bg_Test" name="C_Testcase3" time="4.556"/>
  <system-out/>
  <testcase classname="Testcases.Google_bg_Test" name="A_Testcase1" time="7.035"/>
  <system-out/>
  <testcase classname="Testcases.Google_bg_Test" name="B_Testcase2" time="10.150"/>
  <system-out/>
  <testcase classname="Testcases.Google_bg_Test" name="G_Testcase7" time="1.419"/>
  <system-out/>
  <testcase classname="Testcases.Google_bg_Test" name="J_Testcase10" time="2.808"/>
  <system-out/>
  <testcase classname="Testcases.Google_bg_Test" name="E_Testcase5" time="33.240"/>
  <system-out/>
  <testcase classname="Testcases.Google_bg_Test" name="I_Testcase9" time="6.645"/>
  <system-out/>
  <testcase classname="Testcases.Google_bg_Test" name="F_Testcase6" time="8.539"/>
  <system-out/>
  <testcase classname="Testcases.Google_bg_Test" name="K_Testcase11" time="5.202"/>
  <system-out/>
  <testcase classname="Testcases.Google_bg_Test" name="L_Testcase12" time="1.328"/>
  <system-out/>
  <testcase classname="Testcases.Google_bg_Test" name="H_Testcase8" time="1.071"/>
  <system-out/>
  <testcase classname="Testcases.Google_bg_Test" name="D_Testcase4" time="4.834"/>
  <system-out/>
</testsuite> <!-- Testcases.Google_bg_Test -->
