<?xml version="1.0" encoding="UTF-8"?>
<!-- Generated by org.testng.reporters.JUnitReportReporter -->
<testsuite hostname="Vyro-MacBook.local" failures="0" tests="5" name="Testcases.Structures" time="273.483" errors="0" timestamp="2021-06-09T15:59:36 PKT" skipped="0">
  <testcase classname="Testcases.Structures" name="E_Testcase5" time="140.451"/>
  <system-out/>
  <testcase classname="Testcases.Structures" name="D_Testcase4" time="92.949"/>
  <system-out/>
  <testcase classname="Testcases.Structures" name="C_Testcase3" time="0.896"/>
  <system-out/>
  <testcase classname="Testcases.Structures" name="B_Testcase2" time="17.134"/>
  <system-out/>
  <testcase classname="Testcases.Structures" name="A_Testcase1" time="22.053"/>
  <system-out/>
</testsuite> <!-- Testcases.Structures -->
