<?xml version="1.0" encoding="UTF-8"?>
<!-- Generated by org.testng.reporters.JUnitReportReporter -->
<testsuite hostname="Vyro-MacBook.local" failures="0" tests="8" name="Testcases.Objects_backgrounds_Test" time="1520.350" errors="0" timestamp="2021-06-09T11:08:51 PKT" skipped="0">
  <testcase classname="Testcases.Objects_backgrounds_Test" name="E_Testcase5" time="148.195"/>
  <system-out/>
  <testcase classname="Testcases.Objects_backgrounds_Test" name="C_Testcase3" time="131.934"/>
  <system-out/>
  <testcase classname="Testcases.Objects_backgrounds_Test" name="D_Testcase4" time="128.545"/>
  <system-out/>
  <testcase classname="Testcases.Objects_backgrounds_Test" name="G_Testcase7" time="152.133"/>
  <system-out/>
  <testcase classname="Testcases.Objects_backgrounds_Test" name="F_Testcase6" time="272.737"/>
  <system-out/>
  <testcase classname="Testcases.Objects_backgrounds_Test" name="B_Testcase2" time="131.609"/>
  <system-out/>
  <testcase classname="Testcases.Objects_backgrounds_Test" name="H_Testcase8" time="251.389"/>
  <system-out/>
  <testcase classname="Testcases.Objects_backgrounds_Test" name="A_Testcase1" time="303.808"/>
  <system-out/>
</testsuite> <!-- Testcases.Objects_backgrounds_Test -->
