<?xml version="1.0" encoding="UTF-8"?>
<!-- Generated by org.testng.reporters.JUnitReportReporter -->
<testsuite hostname="Vyro-MacBook.local" failures="0" tests="3" name="Testcases.Filters_module" time="37.569" errors="0" timestamp="2021-05-20T15:00:25 PKT" skipped="0">
  <testcase classname="Testcases.Filters_module" name="C_Testcase3" time="24.483"/>
  <system-out/>
  <testcase classname="Testcases.Filters_module" name="B_Testcase2" time="0.900"/>
  <system-out/>
  <testcase classname="Testcases.Filters_module" name="A_Testcase1" time="12.186"/>
  <system-out/>
</testsuite> <!-- Testcases.Filters_module -->
