<?xml version="1.0" encoding="UTF-8"?>
<!-- Generated by org.testng.reporters.JUnitReportReporter -->
<testsuite hostname="Vyro-MacBook.local" failures="0" tests="6" name="Testcases.Home_Test" time="28.753" errors="0" timestamp="2021-06-01T09:00:23 PKT" skipped="0">
  <testcase classname="Testcases.Home_Test" name="B_Gallery_Invalid_B" time="4.446"/>
  <system-out/>
  <testcase classname="Testcases.Home_Test" name="D_Gallery_Valid" time="1.809"/>
  <system-out/>
  <testcase classname="Testcases.Home_Test" name="E_Gallery_Valid" time="10.101"/>
  <system-out/>
  <testcase classname="Testcases.Home_Test" name="C_Gallery_Invalid" time="2.073"/>
  <system-out/>
  <testcase classname="Testcases.Home_Test" name="F_Gallery_Valid" time="6.182"/>
  <system-out/>
  <testcase classname="Testcases.Home_Test" name="A_Gallery_Invalid" time="4.142"/>
  <system-out/>
</testsuite> <!-- Testcases.Home_Test -->
